17-02-2019 09:58:49.065 [main] INFO  com.inther.Application.logStarting - Starting Application on st4s1k-pc with PID 5964 (/home/stanislav/GitRepos/instant-feedback-system/Server/target/classes started by stanislav in /home/stanislav/GitRepos/instant-feedback-system)
17-02-2019 09:58:49.084 [main] DEBUG com.inther.Application.logStarting - Running with Spring Boot v2.1.2.RELEASE, Spring v5.1.4.RELEASE
17-02-2019 09:58:49.086 [main] INFO  com.inther.Application.logStartupProfileInfo - No active profile set, falling back to default profiles: default
17-02-2019 09:58:51.214 [main] INFO  o.s.d.r.c.RepositoryConfigurationDelegate.registerRepositoriesIn - Bootstrapping Spring Data repositories in DEFAULT mode.
17-02-2019 09:58:51.275 [main] INFO  o.s.d.r.c.RepositoryConfigurationDelegate.registerRepositoriesIn - Finished Spring Data repository scanning in 56ms. Found 5 repository interfaces.
17-02-2019 09:58:51.731 [main] INFO  o.s.c.s.PostProcessorRegistrationDelegate$BeanPostProcessorChecker.postProcessAfterInitialization - Bean 'org.springframework.transaction.annotation.ProxyTransactionManagementConfiguration' of type [org.springframework.transaction.annotation.ProxyTransactionManagementConfiguration$$EnhancerBySpringCGLIB$$b2a449ac] is not eligible for getting processed by all BeanPostProcessors (for example: not eligible for auto-proxying)
17-02-2019 09:58:51.761 [main] INFO  o.s.c.s.PostProcessorRegistrationDelegate$BeanPostProcessorChecker.postProcessAfterInitialization - Bean 'org.springframework.security.config.annotation.configuration.ObjectPostProcessorConfiguration' of type [org.springframework.security.config.annotation.configuration.ObjectPostProcessorConfiguration$$EnhancerBySpringCGLIB$$4b5211e6] is not eligible for getting processed by all BeanPostProcessors (for example: not eligible for auto-proxying)
17-02-2019 09:58:51.766 [main] INFO  o.s.c.s.PostProcessorRegistrationDelegate$BeanPostProcessorChecker.postProcessAfterInitialization - Bean 'objectPostProcessor' of type [org.springframework.security.config.annotation.configuration.AutowireBeanFactoryObjectPostProcessor] is not eligible for getting processed by all BeanPostProcessors (for example: not eligible for auto-proxying)
17-02-2019 09:58:51.768 [main] INFO  o.s.c.s.PostProcessorRegistrationDelegate$BeanPostProcessorChecker.postProcessAfterInitialization - Bean 'org.springframework.security.access.expression.method.DefaultMethodSecurityExpressionHandler@16c6d5a2' of type [org.springframework.security.access.expression.method.DefaultMethodSecurityExpressionHandler] is not eligible for getting processed by all BeanPostProcessors (for example: not eligible for auto-proxying)
17-02-2019 09:58:51.771 [main] INFO  o.s.c.s.PostProcessorRegistrationDelegate$BeanPostProcessorChecker.postProcessAfterInitialization - Bean 'org.springframework.security.config.annotation.method.configuration.GlobalMethodSecurityConfiguration' of type [org.springframework.security.config.annotation.method.configuration.GlobalMethodSecurityConfiguration$$EnhancerBySpringCGLIB$$7026b498] is not eligible for getting processed by all BeanPostProcessors (for example: not eligible for auto-proxying)
17-02-2019 09:58:51.774 [main] INFO  o.s.c.s.PostProcessorRegistrationDelegate$BeanPostProcessorChecker.postProcessAfterInitialization - Bean 'methodSecurityMetadataSource' of type [org.springframework.security.access.method.DelegatingMethodSecurityMetadataSource] is not eligible for getting processed by all BeanPostProcessors (for example: not eligible for auto-proxying)
17-02-2019 09:58:52.075 [main] INFO  o.s.b.w.e.tomcat.TomcatWebServer.initialize - Tomcat initialized with port(s): 9000 (http)
17-02-2019 09:58:52.098 [main] INFO  o.a.catalina.core.StandardService.log - Starting service [Tomcat]
17-02-2019 09:58:52.099 [main] INFO  o.a.catalina.core.StandardEngine.log - Starting Servlet engine: [Apache Tomcat/9.0.14]
17-02-2019 09:58:52.104 [main] INFO  o.a.c.core.AprLifecycleListener.log - The APR based Apache Tomcat Native library which allows optimal performance in production environments was not found on the java.library.path: [/usr/java/packages/lib:/usr/lib64:/lib64:/lib:/usr/lib]
17-02-2019 09:58:52.168 [main] INFO  o.a.c.c.C.[Tomcat].[localhost].[/].log - Initializing Spring embedded WebApplicationContext
17-02-2019 09:58:52.313 [main] INFO  com.zaxxer.hikari.HikariDataSource.getConnection - HikariPool-1 - Starting...
17-02-2019 09:58:52.533 [main] INFO  com.zaxxer.hikari.HikariDataSource.getConnection - HikariPool-1 - Start completed.
17-02-2019 09:58:52.599 [main] INFO  o.h.jpa.internal.util.LogHelper.logPersistenceUnitInformation - HHH000204: Processing PersistenceUnitInfo [
	name: default
	...]
17-02-2019 09:58:52.638 [main] INFO  org.hibernate.Version.logVersion - HHH000412: Hibernate Core {5.3.7.Final}
17-02-2019 09:58:52.640 [main] INFO  org.hibernate.cfg.Environment.<clinit> - HHH000206: hibernate.properties not found
17-02-2019 09:58:52.739 [main] INFO  o.h.annotations.common.Version.<clinit> - HCANN000001: Hibernate Commons Annotations {5.0.4.Final}
17-02-2019 09:58:52.882 [main] INFO  org.hibernate.dialect.Dialect.<init> - HHH000400: Using dialect: org.hibernate.dialect.PostgreSQLDialect
17-02-2019 09:58:53.081 [main] INFO  o.h.e.j.e.i.LobCreatorBuilderImpl.useContextualLobCreation - HHH000421: Disabling contextual LOB creation as hibernate.jdbc.lob.non_contextual_creation is true
17-02-2019 09:58:53.085 [main] INFO  org.hibernate.type.BasicTypeRegistry.register - HHH000270: Type registration [java.util.UUID] overrides previous : org.hibernate.type.UUIDBinaryType@4d652bc6
17-02-2019 09:58:53.783 [main] INFO  o.s.o.j.LocalContainerEntityManagerFactoryBean.buildNativeEntityManagerFactory - Initialized JPA EntityManagerFactory for persistence unit 'default'
17-02-2019 09:58:54.330 [main] INFO  o.s.b.web.servlet.RegistrationBean.onStartup - Filter tokenAuthenticationFilter was not registered (disabled)
17-02-2019 09:58:54.753 [main] INFO  o.s.s.web.DefaultSecurityFilterChain.<init> - Creating filter chain: OrRequestMatcher [requestMatchers=[Ant [pattern='/api/**']]], []
17-02-2019 09:58:54.788 [main] INFO  o.s.s.web.DefaultSecurityFilterChain.<init> - Creating filter chain: any request, [org.springframework.security.web.context.request.async.WebAsyncManagerIntegrationFilter@28220b56, org.springframework.security.web.context.SecurityContextPersistenceFilter@1140585, org.springframework.security.web.header.HeaderWriterFilter@654fdde2, org.springframework.security.web.savedrequest.RequestCacheAwareFilter@4fc23215, org.springframework.security.web.servletapi.SecurityContextHolderAwareRequestFilter@37a907cb, com.inther.configurators.security.TokenAuthenticationFilter@20b52576, org.springframework.security.web.authentication.AnonymousAuthenticationFilter@70aebcee, org.springframework.security.web.session.SessionManagementFilter@34552734, org.springframework.security.web.access.ExceptionTranslationFilter@78e469ac, org.springframework.security.web.access.intercept.FilterSecurityInterceptor@4d62b6da]
17-02-2019 09:58:55.032 [main] INFO  o.s.s.c.ThreadPoolTaskExecutor.initialize - Initializing ExecutorService 'applicationTaskExecutor'
17-02-2019 09:58:55.375 [main] ERROR o.apache.catalina.util.LifecycleBase.log - Failed to start component [Connector[HTTP/1.1-9000]]
org.apache.catalina.LifecycleException: Protocol handler start failed
	at org.apache.catalina.connector.Connector.startInternal(Connector.java:1004)
	at org.apache.catalina.util.LifecycleBase.start(LifecycleBase.java:183)
	at org.apache.catalina.core.StandardService.addConnector(StandardService.java:226)
	at org.springframework.boot.web.embedded.tomcat.TomcatWebServer.addPreviouslyRemovedConnectors(TomcatWebServer.java:259)
	at org.springframework.boot.web.embedded.tomcat.TomcatWebServer.start(TomcatWebServer.java:197)
	at org.springframework.boot.web.servlet.context.ServletWebServerApplicationContext.startWebServer(ServletWebServerApplicationContext.java:311)
	at org.springframework.boot.web.servlet.context.ServletWebServerApplicationContext.finishRefresh(ServletWebServerApplicationContext.java:164)
	at org.springframework.context.support.AbstractApplicationContext.refresh(AbstractApplicationContext.java:549)
	at org.springframework.boot.web.servlet.context.ServletWebServerApplicationContext.refresh(ServletWebServerApplicationContext.java:142)
	at org.springframework.boot.SpringApplication.refresh(SpringApplication.java:775)
	at org.springframework.boot.SpringApplication.refreshContext(SpringApplication.java:397)
	at org.springframework.boot.SpringApplication.run(SpringApplication.java:316)
	at org.springframework.boot.SpringApplication.run(SpringApplication.java:1260)
	at org.springframework.boot.SpringApplication.run(SpringApplication.java:1248)
	at com.inther.Application.main(Application.java:14)
Caused by: java.net.BindException: Address already in use
	at java.base/sun.nio.ch.Net.bind0(Native Method)
	at java.base/sun.nio.ch.Net.bind(Net.java:461)
	at java.base/sun.nio.ch.Net.bind(Net.java:453)
	at java.base/sun.nio.ch.ServerSocketChannelImpl.bind(ServerSocketChannelImpl.java:227)
	at java.base/sun.nio.ch.ServerSocketAdaptor.bind(ServerSocketAdaptor.java:80)
	at org.apache.tomcat.util.net.NioEndpoint.initServerSocket(NioEndpoint.java:236)
	at org.apache.tomcat.util.net.NioEndpoint.bind(NioEndpoint.java:210)
	at org.apache.tomcat.util.net.AbstractEndpoint.bindWithCleanup(AbstractEndpoint.java:1085)
	at org.apache.tomcat.util.net.AbstractEndpoint.start(AbstractEndpoint.java:1171)
	at org.apache.coyote.AbstractProtocol.start(AbstractProtocol.java:568)
	at org.apache.catalina.connector.Connector.startInternal(Connector.java:1001)
	... 14 common frames omitted
17-02-2019 09:58:55.380 [main] INFO  o.a.catalina.core.StandardService.log - Stopping service [Tomcat]
17-02-2019 09:58:55.383 [main] WARN  o.a.c.loader.WebappClassLoaderBase.log - The web application [ROOT] appears to have started a thread named [HikariPool-1 housekeeper] but has failed to stop it. This is very likely to create a memory leak. Stack trace of thread:
 java.base@11.0.2/jdk.internal.misc.Unsafe.park(Native Method)
 java.base@11.0.2/java.util.concurrent.locks.LockSupport.parkNanos(LockSupport.java:234)
 java.base@11.0.2/java.util.concurrent.locks.AbstractQueuedSynchronizer$ConditionObject.awaitNanos(AbstractQueuedSynchronizer.java:2123)
 java.base@11.0.2/java.util.concurrent.ScheduledThreadPoolExecutor$DelayedWorkQueue.take(ScheduledThreadPoolExecutor.java:1182)
 java.base@11.0.2/java.util.concurrent.ScheduledThreadPoolExecutor$DelayedWorkQueue.take(ScheduledThreadPoolExecutor.java:899)
 java.base@11.0.2/java.util.concurrent.ThreadPoolExecutor.getTask(ThreadPoolExecutor.java:1054)
 java.base@11.0.2/java.util.concurrent.ThreadPoolExecutor.runWorker(ThreadPoolExecutor.java:1114)
 java.base@11.0.2/java.util.concurrent.ThreadPoolExecutor$Worker.run(ThreadPoolExecutor.java:628)
 java.base@11.0.2/java.lang.Thread.run(Thread.java:834)
17-02-2019 09:58:55.384 [main] WARN  o.a.c.loader.WebappClassLoaderBase.log - The web application [ROOT] appears to have started a thread named [HikariPool-1 connection adder] but has failed to stop it. This is very likely to create a memory leak. Stack trace of thread:
 java.base@11.0.2/jdk.internal.misc.Unsafe.park(Native Method)
 java.base@11.0.2/java.util.concurrent.locks.LockSupport.parkNanos(LockSupport.java:234)
 java.base@11.0.2/java.util.concurrent.locks.AbstractQueuedSynchronizer$ConditionObject.awaitNanos(AbstractQueuedSynchronizer.java:2123)
 java.base@11.0.2/java.util.concurrent.LinkedBlockingQueue.poll(LinkedBlockingQueue.java:458)
 java.base@11.0.2/java.util.concurrent.ThreadPoolExecutor.getTask(ThreadPoolExecutor.java:1053)
 java.base@11.0.2/java.util.concurrent.ThreadPoolExecutor.runWorker(ThreadPoolExecutor.java:1114)
 java.base@11.0.2/java.util.concurrent.ThreadPoolExecutor$Worker.run(ThreadPoolExecutor.java:628)
 java.base@11.0.2/java.lang.Thread.run(Thread.java:834)
17-02-2019 09:58:55.392 [main] INFO  o.s.b.a.l.ConditionEvaluationReportLoggingListener.logMessage - 

Error starting ApplicationContext. To display the conditions report re-run your application with 'debug' enabled.
17-02-2019 09:58:55.395 [main] ERROR o.s.b.d.LoggingFailureAnalysisReporter.report - 

***************************
APPLICATION FAILED TO START
***************************

Description:

The Tomcat connector configured to listen on port 9000 failed to start. The port may already be in use or the connector may be misconfigured.

Action:

Verify the connector's configuration, identify and stop any process that's listening on port 9000, or configure this application to listen on another port.

17-02-2019 09:58:55.399 [main] INFO  o.s.s.c.ThreadPoolTaskExecutor.shutdown - Shutting down ExecutorService 'applicationTaskExecutor'
17-02-2019 09:58:55.403 [main] INFO  o.s.o.j.LocalContainerEntityManagerFactoryBean.destroy - Closing JPA EntityManagerFactory for persistence unit 'default'
17-02-2019 09:58:55.405 [main] INFO  com.zaxxer.hikari.HikariDataSource.close - HikariPool-1 - Shutdown initiated...
17-02-2019 09:58:55.421 [main] INFO  com.zaxxer.hikari.HikariDataSource.close - HikariPool-1 - Shutdown completed.
